
Process 0 is checking the circuit...

Process 8 is checking the circuit...

Process 15 is checking the circuit...

Process 2 is checking the circuit...

Process 4 is checking the circuit...

Process 5 is checking the circuit...

Process 12 is checking the circuit...

Process 1 is checking the circuit...

Process 6 is checking the circuit...

Process 7 is checking the circuit...

Process 11 is checking the circuit...

Process 13 is checking the circuit...

Process 14 is checking the circuit...

Process 3 is checking the circuit...

Process 10 is checking the circuit...

Process 9 is checking the circuit...
9) 10011001111101011001100111110101 
9) 10011001111101011001100111110110 
9) 10011001111101011001100111110111 
9) 10011001111101011001101111110101 
9) 10011001111101011001101111110110 
9) 10011001111101011001101111110111 
9) 10011001111101011001110111110101 
9) 10011001111101011001110111110110 
9) 10011001111101011001110111110111 
9) 10011001111101101001100111110101 
9) 10011001111101101001100111110110 
9) 10011001111101101001100111110111 
9) 10011001111101101001101111110101 
9) 10011001111101101001101111110110 
9) 10011001111101101001101111110111 
9) 10011001111101101001110111110101 
9) 10011001111101101001110111110110 
9) 10011001111101101001110111110111 
9) 10011001111101111001100111110101 
9) 10011001111101111001100111110110 
9) 10011001111101111001100111110111 
9) 10011001111101111001101111110101 
9) 10011001111101111001101111110110 
9) 10011001111101111001101111110111 
9) 10011001111101111001110111110101 
9) 10011001111101111001110111110110 
9) 10011001111101111001110111110111 
9) 10011011111101011001100111110101 
9) 10011011111101011001100111110110 
9) 10011011111101011001100111110111 
9) 10011011111101011001101111110101 
9) 10011011111101011001101111110110 
9) 10011011111101011001101111110111 
9) 10011011111101011001110111110101 
9) 10011011111101011001110111110110 
9) 10011011111101011001110111110111 
9) 10011011111101101001100111110101 
9) 10011011111101101001100111110110 
9) 10011011111101101001100111110111 
9) 10011011111101101001101111110101 
9) 10011011111101101001101111110110 
9) 10011011111101101001101111110111 
9) 10011011111101101001110111110101 
9) 10011011111101101001110111110110 
9) 10011011111101101001110111110111 
9) 10011011111101111001100111110101 
9) 10011011111101111001100111110110 
9) 10011011111101111001100111110111 
9) 10011011111101111001101111110101 
9) 10011011111101111001101111110110 
9) 10011011111101111001101111110111 
9) 10011011111101111001110111110101 
9) 10011011111101111001110111110110 
9) 10011011111101111001110111110111 
9) 10011101111101011001100111110101 
9) 10011101111101011001100111110110 
9) 10011101111101011001100111110111 
9) 10011101111101011001101111110101 
9) 10011101111101011001101111110110 
9) 10011101111101011001101111110111 
9) 10011101111101011001110111110101 
9) 10011101111101011001110111110110 
9) 10011101111101011001110111110111 
9) 10011101111101101001100111110101 
9) 10011101111101101001100111110110 
9) 10011101111101101001100111110111 
9) 10011101111101101001101111110101 
9) 10011101111101101001101111110110 
9) 10011101111101101001101111110111 
9) 10011101111101101001110111110101 
9) 10011101111101101001110111110110 
9) 10011101111101101001110111110111 
9) 10011101111101111001100111110101 
9) 10011101111101111001100111110110 
9) 10011101111101111001100111110111 
9) 10011101111101111001101111110101 
9) 10011101111101111001101111110110 
9) 10011101111101111001101111110111 
9) 10011101111101111001110111110101 
9) 10011101111101111001110111110110 
9) 10011101111101111001110111110111 
Process 0 finished in time 18.996477 secs.

A total of 81 solutions were found.

