
Process 0 is checking the circuit...

Process 1 is checking the circuit...
1) 10011001111101011001100111110101 
1) 10011001111101011001100111110111 
1) 10011001111101011001101111110101 
1) 10011001111101011001101111110111 
1) 10011001111101011001110111110101 
1) 10011001111101011001110111110111 
1) 10011001111101101001100111110101 
1) 10011001111101101001100111110111 
1) 10011001111101101001101111110101 
1) 10011001111101101001101111110111 
1) 10011001111101101001110111110101 
1) 10011001111101101001110111110111 
1) 10011001111101111001100111110101 
1) 10011001111101111001100111110111 
1) 10011001111101111001101111110101 
1) 10011001111101111001101111110111 
1) 10011001111101111001110111110101 
1) 10011001111101111001110111110111 
0) 10011001111101011001100111110110 
0) 10011001111101011001101111110110 
0) 10011001111101011001110111110110 
0) 10011001111101101001100111110110 
0) 10011001111101101001101111110110 
0) 10011001111101101001110111110110 
0) 10011001111101111001100111110110 
0) 10011001111101111001101111110110 
0) 10011001111101111001110111110110 
1) 10011011111101011001100111110101 
1) 10011011111101011001100111110111 
1) 10011011111101011001101111110101 
1) 10011011111101011001101111110111 
1) 10011011111101011001110111110101 
1) 10011011111101011001110111110111 
1) 10011011111101101001100111110101 
1) 10011011111101101001100111110111 
1) 10011011111101101001101111110101 
1) 10011011111101101001101111110111 
1) 10011011111101101001110111110101 
1) 10011011111101101001110111110111 
1) 10011011111101111001100111110101 
1) 10011011111101111001100111110111 
1) 10011011111101111001101111110101 
1) 10011011111101111001101111110111 
1) 10011011111101111001110111110101 
1) 10011011111101111001110111110111 
0) 10011011111101011001100111110110 
0) 10011011111101011001101111110110 
0) 10011011111101011001110111110110 
0) 10011011111101101001100111110110 
0) 10011011111101101001101111110110 
0) 10011011111101101001110111110110 
0) 10011011111101111001100111110110 
0) 10011011111101111001101111110110 
0) 10011011111101111001110111110110 
1) 10011101111101011001100111110101 
1) 10011101111101011001100111110111 
1) 10011101111101011001101111110101 
1) 10011101111101011001101111110111 
1) 10011101111101011001110111110101 
1) 10011101111101011001110111110111 
1) 10011101111101101001100111110101 
1) 10011101111101101001100111110111 
1) 10011101111101101001101111110101 
1) 10011101111101101001101111110111 
1) 10011101111101101001110111110101 
1) 10011101111101101001110111110111 
1) 10011101111101111001100111110101 
1) 10011101111101111001100111110111 
1) 10011101111101111001101111110101 
1) 10011101111101111001101111110111 
1) 10011101111101111001110111110101 
1) 10011101111101111001110111110111 
0) 10011101111101011001100111110110 
0) 10011101111101011001101111110110 
0) 10011101111101011001110111110110 
0) 10011101111101101001100111110110 
0) 10011101111101101001101111110110 
0) 10011101111101101001110111110110 
0) 10011101111101111001100111110110 
0) 10011101111101111001101111110110 
0) 10011101111101111001110111110110 
Process 0 finished in time 152.069845 secs.

A total of 81 solutions were found.

