
Process 0 is checking the circuit...

Process 1 is checking the circuit...

Process 3 is checking the circuit...

Process 2 is checking the circuit...
1) 10011001111101011001100111110101 
1) 10011001111101011001101111110101 
1) 10011001111101011001110111110101 
1) 10011001111101101001100111110101 
1) 10011001111101101001101111110101 
1) 10011001111101101001110111110101 
1) 10011001111101111001100111110101 
1) 10011001111101111001101111110101 
1) 10011001111101111001110111110101 
3) 10011001111101011001100111110111 
3) 10011001111101011001101111110111 
3) 10011001111101011001110111110111 
3) 10011001111101101001100111110111 
3) 10011001111101101001101111110111 
3) 10011001111101101001110111110111 
3) 10011001111101111001100111110111 
3) 10011001111101111001101111110111 
3) 10011001111101111001110111110111 
1) 10011011111101011001100111110101 
1) 10011011111101011001101111110101 
1) 10011011111101011001110111110101 
1) 10011011111101101001100111110101 
1) 10011011111101101001101111110101 
1) 10011011111101101001110111110101 
1) 10011011111101111001100111110101 
1) 10011011111101111001101111110101 
1) 10011011111101111001110111110101 
2) 10011001111101011001100111110110 
2) 10011001111101011001101111110110 
2) 10011001111101011001110111110110 
2) 10011001111101101001100111110110 
2) 10011001111101101001101111110110 
2) 10011001111101101001110111110110 
2) 10011001111101111001100111110110 
2) 10011001111101111001101111110110 
2) 10011001111101111001110111110110 
3) 10011011111101011001100111110111 
3) 10011011111101011001101111110111 
3) 10011011111101011001110111110111 
3) 10011011111101101001100111110111 
3) 10011011111101101001101111110111 
3) 10011011111101101001110111110111 
3) 10011011111101111001100111110111 
3) 10011011111101111001101111110111 
3) 10011011111101111001110111110111 
1) 10011101111101011001100111110101 
1) 10011101111101011001101111110101 
1) 10011101111101011001110111110101 
1) 10011101111101101001100111110101 
1) 10011101111101101001101111110101 
1) 10011101111101101001110111110101 
1) 10011101111101111001100111110101 
1) 10011101111101111001101111110101 
1) 10011101111101111001110111110101 
2) 10011011111101011001100111110110 
2) 10011011111101011001101111110110 
2) 10011011111101011001110111110110 
2) 10011011111101101001100111110110 
2) 10011011111101101001101111110110 
2) 10011011111101101001110111110110 
2) 10011011111101111001100111110110 
2) 10011011111101111001101111110110 
2) 10011011111101111001110111110110 
3) 10011101111101011001100111110111 
3) 10011101111101011001101111110111 
3) 10011101111101011001110111110111 
3) 10011101111101101001100111110111 
3) 10011101111101101001101111110111 
3) 10011101111101101001110111110111 
3) 10011101111101111001100111110111 
3) 10011101111101111001101111110111 
3) 10011101111101111001110111110111 
2) 10011101111101011001100111110110 
2) 10011101111101011001101111110110 
2) 10011101111101011001110111110110 
2) 10011101111101101001100111110110 
2) 10011101111101101001101111110110 
2) 10011101111101101001110111110110 
2) 10011101111101111001100111110110 
2) 10011101111101111001101111110110 
2) 10011101111101111001110111110110 
Process 0 finished in time 77.330361 secs.

A total of 81 solutions were found.

