
Process 0 is checking the circuit...

Process 1 is checking the circuit...

Process 2 is checking the circuit...

Process 3 is checking the circuit...

Process 5 is checking the circuit...

Process 6 is checking the circuit...

Process 7 is checking the circuit...

Process 4 is checking the circuit...
6) 10011001111101011001100111110110 
6) 10011001111101011001101111110110 
6) 10011001111101011001110111110110 
6) 10011001111101101001100111110110 
6) 10011001111101101001101111110110 
6) 10011001111101101001110111110110 
6) 10011001111101111001100111110110 
6) 10011001111101111001101111110110 
6) 10011001111101111001110111110110 
7) 10011001111101011001100111110111 
7) 10011001111101011001101111110111 
7) 10011001111101011001110111110111 
7) 10011001111101101001100111110111 
7) 10011001111101101001101111110111 
7) 10011001111101101001110111110111 
7) 10011001111101111001100111110111 
7) 10011001111101111001101111110111 
7) 10011001111101111001110111110111 
6) 10011011111101011001100111110110 
6) 10011011111101011001101111110110 
6) 10011011111101011001110111110110 
6) 10011011111101101001100111110110 
6) 10011011111101101001101111110110 
6) 10011011111101101001110111110110 
6) 10011011111101111001100111110110 
6) 10011011111101111001101111110110 
6) 10011011111101111001110111110110 
7) 10011011111101011001100111110111 
7) 10011011111101011001101111110111 
7) 10011011111101011001110111110111 
7) 10011011111101101001100111110111 
7) 10011011111101101001101111110111 
7) 10011011111101101001110111110111 
7) 10011011111101111001100111110111 
7) 10011011111101111001101111110111 
7) 10011011111101111001110111110111 
6) 10011101111101011001100111110110 
6) 10011101111101011001101111110110 
6) 10011101111101011001110111110110 
6) 10011101111101101001100111110110 
6) 10011101111101101001101111110110 
6) 10011101111101101001110111110110 
6) 10011101111101111001100111110110 
6) 10011101111101111001101111110110 
6) 10011101111101111001110111110110 
5) 10011001111101011001100111110101 
5) 10011001111101011001101111110101 
5) 10011001111101011001110111110101 
5) 10011001111101101001100111110101 
5) 10011001111101101001101111110101 
5) 10011001111101101001110111110101 
5) 10011001111101111001100111110101 
5) 10011001111101111001101111110101 
5) 10011001111101111001110111110101 
7) 10011101111101011001100111110111 
7) 10011101111101011001101111110111 
7) 10011101111101011001110111110111 
7) 10011101111101101001100111110111 
7) 10011101111101101001101111110111 
7) 10011101111101101001110111110111 
7) 10011101111101111001100111110111 
7) 10011101111101111001101111110111 
7) 10011101111101111001110111110111 
5) 10011011111101011001100111110101 
5) 10011011111101011001101111110101 
5) 10011011111101011001110111110101 
5) 10011011111101101001100111110101 
5) 10011011111101101001101111110101 
5) 10011011111101101001110111110101 
5) 10011011111101111001100111110101 
5) 10011011111101111001101111110101 
5) 10011011111101111001110111110101 
5) 10011101111101011001100111110101 
5) 10011101111101011001101111110101 
5) 10011101111101011001110111110101 
5) 10011101111101101001100111110101 
5) 10011101111101101001101111110101 
5) 10011101111101101001110111110101 
5) 10011101111101111001100111110101 
5) 10011101111101111001101111110101 
5) 10011101111101111001110111110101 
Process 0 finished in time 39.818579 secs.

A total of 81 solutions were found.

